<?xml version="1.0" encoding="UTF-8"?>
<!-- Generated by org.testng.reporters.JUnitXMLReporter -->
<testsuite ignored="0" hostname="DESKTOP-REJ3M5T" failures="1" tests="18" name="Test" time="642.888" errors="0" timestamp="2025-09-02T11:57:44 SAST">
  <testcase classname="com.dennismamyala.automation.My_First_Project.BookAppointment" name="bookAppointmentTest" time="33.79"/>
  <testcase classname="com.dennismamyala.automation.My_First_Project.BookAppointment" name="bookAppointmentTest" time="30.23"/>
  <testcase classname="com.dennismamyala.automation.My_First_Project.BookAppointment" name="bookAppointmentTest" time="33.369"/>
  <testcase classname="com.dennismamyala.automation.My_First_Project.BookAppointment" name="testLogoutFromHomepage" time="6.527"/>
  <testcase classname="com.dennismamyala.automation.My_First_Project.BookAppointment" name="testLogoutFromProfileUsingBurgerMenu" time="9.371"/>
  <testcase classname="com.dennismamyala.automation.My_First_Project.BookAppointment" name="testLogoutFromProfileUsingLogoutBtn" time="9.009"/>
  <testcase classname="com.dennismamyala.automation.My_First_Project.BookAppointment" name="testNavigateToHistoryFromAppointmentForm" time="13.617"/>
  <testcase classname="com.dennismamyala.automation.My_First_Project.BookAppointment" name="testNavigateToHistoryFromProfile" time="10.555"/>
  <testcase classname="com.dennismamyala.automation.My_First_Project.BookAppointment" name="testNavigateToProfileFromAppointmentForm" time="6.623"/>
  <testcase classname="com.dennismamyala.automation.My_First_Project.BookAppointment" name="testNavigateToProfileFromHistory" time="8.537"/>
  <testcase classname="com.dennismamyala.automation.My_First_Project.ErrorValidationTest" name="bookingErrorValidation" time="6.676"/>
  <testcase classname="com.dennismamyala.automation.My_First_Project.ErrorValidationTest" name="bookingErrorValidation" time="8.235"/>
  <testcase classname="com.dennismamyala.automation.My_First_Project.ErrorValidationTest" name="loginErrorValidation" time="5.162"/>
  <testcase classname="com.dennismamyala.automation.My_First_Project.ErrorValidationTest" name="loginErrorValidation" time="4.607"/>
  <testcase classname="com.dennismamyala.automation.My_First_Project.ErrorValidationTest" name="loginErrorValidation" time="5.035"/>
  <testcase classname="com.dennismamyala.automation.My_First_Project.ErrorValidationTest" name="loginErrorValidation" time="4.143">
    <skipped/>
  </testcase> <!-- loginErrorValidation -->
  <testcase classname="com.dennismamyala.automation.My_First_Project.ErrorValidationTest" name="loginErrorValidation" time="4.961">
    <skipped/>
  </testcase> <!-- loginErrorValidation -->
  <testcase classname="com.dennismamyala.automation.My_First_Project.ErrorValidationTest" name="loginErrorValidation" time="3.996">
    <failure type="java.lang.AssertionError" message="expected [ogin failed! Please ensure the username and password are valid.] but found [Login failed! Please ensure the username and password are valid.]">
      <![CDATA[java.lang.AssertionError: expected [ogin failed! Please ensure the username and password are valid.] but found [Login failed! Please ensure the username and password are valid.]
at Utils.WebDriverUtils.assertEquals(WebDriverUtils.java:46)
at com.dennismamyala.automation.My_First_Project.Pages.Login_Page.hasErrorAppeared(Login_Page.java:63)
at com.dennismamyala.automation.My_First_Project.Base.BaseTest.hasErrorMessageAppeared(BaseTest.java:122)
at com.dennismamyala.automation.My_First_Project.ErrorValidationTest.loginErrorValidation(ErrorValidationTest.java:22)
at java.base/java.util.ArrayList.forEach(ArrayList.java:1596)
... Removed 30 stack frames]]>
    </failure>
  </testcase> <!-- loginErrorValidation -->
</testsuite> <!-- Test -->
