<!DOCTYPE html PUBLIC "-//W3C//DTD XHTML 1.1//EN" "https://www.w3.org/TR/xhtml11/DTD/xhtml11.dtd">
<html xmlns="https://www.w3.org/1999/xhtml">
<head>
<meta http-equiv="content-type" content="text/html; charset=UTF-8"/>
<title>TestNG Report</title>
<style type="text/css">table {margin-bottom:10px;border-collapse:collapse;empty-cells:show}th,td {border:1px solid #009;padding:.25em .5em}th {vertical-align:bottom}td {vertical-align:top}table a {font-weight:bold}.stripe td {background-color: #E6EBF9}.num {text-align:right}.passedodd td {background-color: #3F3}.passedeven td {background-color: #0A0}.skippedodd td {background-color: #DDD}.skippedeven td {background-color: #CCC}.failedodd td,.attn {background-color: #F33}.failedeven td,.stripe .attn {background-color: #D00}.stacktrace {white-space:pre;font-family:monospace}.totop {font-size:85%;text-align:center;border-bottom:2px solid #000}.invisible {display:none}</style>
</head>
<body>
<table>
<tr><th>Test</th><th># Passed</th><th># Skipped</th><th># Retried</th><th># Failed</th><th>Time (ms)</th><th>Included Groups</th><th>Excluded Groups</th></tr>
<tr><th colspan="8">Suite</th></tr>
<tr><td><a href="#t0">Test</a></td><td class="num">3</td><td class="num">0</td><td class="num attn">2</td><td class="num attn">1</td><td class="num">372,054</td><td></td><td></td></tr>
</table>
<table id='summary'><thead><tr><th>Class</th><th>Method</th><th>Start</th><th>Time (ms)</th></tr></thead><tbody><tr><th colspan="4">Suite</th></tr></tbody><tbody id="t0"><tr><th colspan="4">Test &#8212; failed</th></tr><tr class="failedeven"><td rowspan="1">com.dennismamyala.automation.My_First_Project.ErrorValidationTest</td><td><a href="#m0">loginErrorValidation</a></td><td rowspan="1">1751552097829</td><td rowspan="1">7086</td></tr><tr><th colspan="4">Test &#8212; retried</th></tr><tr class="retriedeven"><td rowspan="2">com.dennismamyala.automation.My_First_Project.ErrorValidationTest</td><td><a href="#m1">loginErrorValidation</a></td><td rowspan="2">1751552061415</td><td rowspan="2">6915</td></tr><tr class="retriedeven"><td><a href="#m2">loginErrorValidation</a></td></tr><tr><th colspan="4">Test &#8212; passed</th></tr><tr class="passedeven"><td rowspan="3">com.dennismamyala.automation.My_First_Project.ErrorValidationTest</td><td><a href="#m3">loginErrorValidation</a></td><td rowspan="3">1751551813470</td><td rowspan="3">6525</td></tr><tr class="passedeven"><td><a href="#m4">loginErrorValidation</a></td></tr><tr class="passedeven"><td><a href="#m5">loginErrorValidation</a></td></tr></tbody>
</table>
<h2>Test</h2><h3 id="m0">com.dennismamyala.automation.My_First_Project.ErrorValidationTest#loginErrorValidation</h3><table class="result"><tr class="param"><th>Parameter #1</th></tr><tr class="param stripe"><td>{errorMessage=ogin failed! Please ensure the username and password are valid., password=&amp;password@, username=John Doe}</td></tr><tr><th>Exception</th></tr><tr><td><div class="stacktrace">java.lang.AssertionError: expected [ogin failed! Please ensure the username and password are valid.] but found [Login failed! Please ensure the username and password are valid.]
	at Utils.WebDriverUtils.assertEquals(WebDriverUtils.java:46)
	at com.dennismamyala.automation.My_First_Project.Pages.Login_Page.hasErrorAppeared(Login_Page.java:63)
	at com.dennismamyala.automation.My_First_Project.Base.BaseTest.hasErrorMessageAppeared(BaseTest.java:122)
	at com.dennismamyala.automation.My_First_Project.ErrorValidationTest.loginErrorValidation(ErrorValidationTest.java:22)
	at java.base/java.util.ArrayList.forEach(ArrayList.java:1596)
... Removed 30 stack frames</div></td></tr></table><p class="totop"><a href="#summary">back to summary</a></p>
<h3 id="m1">com.dennismamyala.automation.My_First_Project.ErrorValidationTest#loginErrorValidation</h3><table class="result"><tr class="param"><th>Parameter #1</th></tr><tr class="param stripe"><td>{errorMessage=ogin failed! Please ensure the username and password are valid., password=&amp;password@, username=John Doe}</td></tr><tr><th>Exception</th></tr><tr><td><div class="stacktrace">java.lang.AssertionError: expected [ogin failed! Please ensure the username and password are valid.] but found [Login failed! Please ensure the username and password are valid.]
	at Utils.WebDriverUtils.assertEquals(WebDriverUtils.java:46)
	at com.dennismamyala.automation.My_First_Project.Pages.Login_Page.hasErrorAppeared(Login_Page.java:63)
	at com.dennismamyala.automation.My_First_Project.Base.BaseTest.hasErrorMessageAppeared(BaseTest.java:122)
	at com.dennismamyala.automation.My_First_Project.ErrorValidationTest.loginErrorValidation(ErrorValidationTest.java:22)
	at java.base/java.util.ArrayList.forEach(ArrayList.java:1596)
... Removed 30 stack frames</div></td></tr></table><p class="totop"><a href="#summary">back to summary</a></p>
<h3 id="m2">com.dennismamyala.automation.My_First_Project.ErrorValidationTest#loginErrorValidation</h3><table class="result"><tr class="param"><th>Parameter #1</th></tr><tr class="param stripe"><td>{errorMessage=ogin failed! Please ensure the username and password are valid., password=&amp;password@, username=John Doe}</td></tr><tr><th>Exception</th></tr><tr><td><div class="stacktrace">java.lang.AssertionError: expected [ogin failed! Please ensure the username and password are valid.] but found [Login failed! Please ensure the username and password are valid.]
	at Utils.WebDriverUtils.assertEquals(WebDriverUtils.java:46)
	at com.dennismamyala.automation.My_First_Project.Pages.Login_Page.hasErrorAppeared(Login_Page.java:63)
	at com.dennismamyala.automation.My_First_Project.Base.BaseTest.hasErrorMessageAppeared(BaseTest.java:122)
	at com.dennismamyala.automation.My_First_Project.ErrorValidationTest.loginErrorValidation(ErrorValidationTest.java:22)
	at java.base/java.util.ArrayList.forEach(ArrayList.java:1596)
... Removed 30 stack frames</div></td></tr></table><p class="totop"><a href="#summary">back to summary</a></p>
<h3 id="m3">com.dennismamyala.automation.My_First_Project.ErrorValidationTest#loginErrorValidation</h3><table class="result"><tr class="param"><th>Parameter #1</th></tr><tr class="param stripe"><td>{errorMessage=Login failed! Please ensure the username and password are valid., password=ThisIsNotAPassword, username=}</td></tr></table><p class="totop"><a href="#summary">back to summary</a></p>
<h3 id="m4">com.dennismamyala.automation.My_First_Project.ErrorValidationTest#loginErrorValidation</h3><table class="result"><tr class="param"><th>Parameter #1</th></tr><tr class="param stripe"><td>{errorMessage=Login failed! Please ensure the username and password are valid., password=ThisIsNotAPassword, username=##123@}</td></tr></table><p class="totop"><a href="#summary">back to summary</a></p>
<h3 id="m5">com.dennismamyala.automation.My_First_Project.ErrorValidationTest#loginErrorValidation</h3><table class="result"><tr class="param"><th>Parameter #1</th></tr><tr class="param stripe"><td>{errorMessage=Login failed! Please ensure the username and password are valid., password=, username=John Doe}</td></tr></table><p class="totop"><a href="#summary">back to summary</a></p>
</body>
</html>
